<?xml version="1.0" encoding="UTF-8"?>
<testsuite xmlns:xsi="http://www.w3.org/2001/XMLSchema-instance" xsi:noNamespaceSchemaLocation="https://maven.apache.org/surefire/maven-surefire-plugin/xsd/surefire-test-report-3.0.xsd" version="3.0" name="br.com.rodolfo.drogaria.dao.ClienteDaoTest" time="0.024" tests="1" errors="0" skipped="0" failures="0">
  <properties>
    <property name="java.specification.version" value="21"/>
    <property name="sun.cpu.isalist" value="amd64"/>
    <property name="sun.jnu.encoding" value="Cp1252"/>
    <property name="java.class.path" value="C:\Users\rcordeiro\Documents\Github\Rodolfo\Drogaria\target\test-classes;C:\Users\rcordeiro\Documents\Github\Rodolfo\Drogaria\target\classes;C:\Users\rcordeiro\.m2\repository\org\hibernate\hibernate-core\4.3.11.Final\hibernate-core-4.3.11.Final.jar;C:\Users\rcordeiro\.m2\repository\org\jboss\logging\jboss-logging\3.1.3.GA\jboss-logging-3.1.3.GA.jar;C:\Users\rcordeiro\.m2\repository\org\jboss\logging\jboss-logging-annotations\1.2.0.Beta1\jboss-logging-annotations-1.2.0.Beta1.jar;C:\Users\rcordeiro\.m2\repository\org\jboss\spec\javax\transaction\jboss-transaction-api_1.2_spec\1.0.0.Final\jboss-transaction-api_1.2_spec-1.0.0.Final.jar;C:\Users\rcordeiro\.m2\repository\dom4j\dom4j\1.6.1\dom4j-1.6.1.jar;C:\Users\rcordeiro\.m2\repository\xml-apis\xml-apis\1.0.b2\xml-apis-1.0.b2.jar;C:\Users\rcordeiro\.m2\repository\org\hibernate\common\hibernate-commons-annotations\4.0.5.Final\hibernate-commons-annotations-4.0.5.Final.jar;C:\Users\rcordeiro\.m2\repository\org\hibernate\javax\persistence\hibernate-jpa-2.1-api\1.0.0.Final\hibernate-jpa-2.1-api-1.0.0.Final.jar;C:\Users\rcordeiro\.m2\repository\org\javassist\javassist\3.18.1-GA\javassist-3.18.1-GA.jar;C:\Users\rcordeiro\.m2\repository\antlr\antlr\2.7.7\antlr-2.7.7.jar;C:\Users\rcordeiro\.m2\repository\org\jboss\jandex\1.1.0.Final\jandex-1.1.0.Final.jar;C:\Users\rcordeiro\.m2\repository\mysql\mysql-connector-java\8.0.30\mysql-connector-java-8.0.30.jar;C:\Users\rcordeiro\.m2\repository\com\google\protobuf\protobuf-java\3.19.4\protobuf-java-3.19.4.jar;C:\Users\rcordeiro\.m2\repository\junit\junit\4.12\junit-4.12.jar;C:\Users\rcordeiro\.m2\repository\org\hamcrest\hamcrest-core\1.3\hamcrest-core-1.3.jar;C:\Users\rcordeiro\.m2\repository\org\glassfish\javax.faces\2.2.12\javax.faces-2.2.12.jar;C:\Users\rcordeiro\.m2\repository\org\primefaces\primefaces\6.2\primefaces-6.2.jar;C:\Users\rcordeiro\.m2\repository\org\omnifaces\omnifaces\1.11\omnifaces-1.11.jar;C:\Users\rcordeiro\.m2\repository\javax\annotation\javax.annotation-api\1.3.2\javax.annotation-api-1.3.2.jar;C:\Users\rcordeiro\.m2\repository\javax\servlet\javax.servlet-api\3.1.0\javax.servlet-api-3.1.0.jar;"/>
    <property name="java.vm.vendor" value="Oracle Corporation"/>
    <property name="sun.arch.data.model" value="64"/>
    <property name="user.variant" value=""/>
    <property name="java.vendor.url" value="https://java.oracle.com/"/>
    <property name="user.timezone" value="America/Sao_Paulo"/>
    <property name="os.name" value="Windows 11"/>
    <property name="java.vm.specification.version" value="21"/>
    <property name="sun.java.launcher" value="SUN_STANDARD"/>
    <property name="user.country" value="BR"/>
    <property name="sun.boot.library.path" value="C:\Program Files\Java\jdk-21\bin"/>
    <property name="sun.java.command" value="C:\Users\rcordeiro\AppData\Local\Temp\surefire7712778060009231574\surefirebooter-20250702092756831_3.jar C:\Users\rcordeiro\AppData\Local\Temp\surefire7712778060009231574 2025-07-02T09-27-55_998-jvmRun1 surefire-20250702092756831_1tmp surefire_0-20250702092756831_2tmp"/>
    <property name="jdk.debug" value="release"/>
    <property name="surefire.test.class.path" value="C:\Users\rcordeiro\Documents\Github\Rodolfo\Drogaria\target\test-classes;C:\Users\rcordeiro\Documents\Github\Rodolfo\Drogaria\target\classes;C:\Users\rcordeiro\.m2\repository\org\hibernate\hibernate-core\4.3.11.Final\hibernate-core-4.3.11.Final.jar;C:\Users\rcordeiro\.m2\repository\org\jboss\logging\jboss-logging\3.1.3.GA\jboss-logging-3.1.3.GA.jar;C:\Users\rcordeiro\.m2\repository\org\jboss\logging\jboss-logging-annotations\1.2.0.Beta1\jboss-logging-annotations-1.2.0.Beta1.jar;C:\Users\rcordeiro\.m2\repository\org\jboss\spec\javax\transaction\jboss-transaction-api_1.2_spec\1.0.0.Final\jboss-transaction-api_1.2_spec-1.0.0.Final.jar;C:\Users\rcordeiro\.m2\repository\dom4j\dom4j\1.6.1\dom4j-1.6.1.jar;C:\Users\rcordeiro\.m2\repository\xml-apis\xml-apis\1.0.b2\xml-apis-1.0.b2.jar;C:\Users\rcordeiro\.m2\repository\org\hibernate\common\hibernate-commons-annotations\4.0.5.Final\hibernate-commons-annotations-4.0.5.Final.jar;C:\Users\rcordeiro\.m2\repository\org\hibernate\javax\persistence\hibernate-jpa-2.1-api\1.0.0.Final\hibernate-jpa-2.1-api-1.0.0.Final.jar;C:\Users\rcordeiro\.m2\repository\org\javassist\javassist\3.18.1-GA\javassist-3.18.1-GA.jar;C:\Users\rcordeiro\.m2\repository\antlr\antlr\2.7.7\antlr-2.7.7.jar;C:\Users\rcordeiro\.m2\repository\org\jboss\jandex\1.1.0.Final\jandex-1.1.0.Final.jar;C:\Users\rcordeiro\.m2\repository\mysql\mysql-connector-java\8.0.30\mysql-connector-java-8.0.30.jar;C:\Users\rcordeiro\.m2\repository\com\google\protobuf\protobuf-java\3.19.4\protobuf-java-3.19.4.jar;C:\Users\rcordeiro\.m2\repository\junit\junit\4.12\junit-4.12.jar;C:\Users\rcordeiro\.m2\repository\org\hamcrest\hamcrest-core\1.3\hamcrest-core-1.3.jar;C:\Users\rcordeiro\.m2\repository\org\glassfish\javax.faces\2.2.12\javax.faces-2.2.12.jar;C:\Users\rcordeiro\.m2\repository\org\primefaces\primefaces\6.2\primefaces-6.2.jar;C:\Users\rcordeiro\.m2\repository\org\omnifaces\omnifaces\1.11\omnifaces-1.11.jar;C:\Users\rcordeiro\.m2\repository\javax\annotation\javax.annotation-api\1.3.2\javax.annotation-api-1.3.2.jar;C:\Users\rcordeiro\.m2\repository\javax\servlet\javax.servlet-api\3.1.0\javax.servlet-api-3.1.0.jar;"/>
    <property name="sun.cpu.endian" value="little"/>
    <property name="user.home" value="C:\Users\rcordeiro"/>
    <property name="user.language" value="pt"/>
    <property name="java.specification.vendor" value="Oracle Corporation"/>
    <property name="java.version.date" value="2024-07-16"/>
    <property name="java.home" value="C:\Program Files\Java\jdk-21"/>
    <property name="file.separator" value="\"/>
    <property name="basedir" value="C:\Users\rcordeiro\Documents\Github\Rodolfo\Drogaria"/>
    <property name="java.vm.compressedOopsMode" value="Zero based"/>
    <property name="line.separator" value="&#10;"/>
    <property name="java.vm.specification.vendor" value="Oracle Corporation"/>
    <property name="java.specification.name" value="Java Platform API Specification"/>
    <property name="surefire.real.class.path" value="C:\Users\rcordeiro\AppData\Local\Temp\surefire7712778060009231574\surefirebooter-20250702092756831_3.jar"/>
    <property name="user.script" value=""/>
    <property name="sun.management.compiler" value="HotSpot 64-Bit Tiered Compilers"/>
    <property name="java.runtime.version" value="21.0.4+8-LTS-274"/>
    <property name="user.name" value="rcordeiro"/>
    <property name="stdout.encoding" value="Cp1252"/>
    <property name="path.separator" value=";"/>
    <property name="os.version" value="10.0"/>
    <property name="java.runtime.name" value="Java(TM) SE Runtime Environment"/>
    <property name="file.encoding" value="UTF-8"/>
    <property name="java.vm.name" value="Java HotSpot(TM) 64-Bit Server VM"/>
    <property name="localRepository" value="C:\Users\rcordeiro\.m2\repository"/>
    <property name="java.vendor.url.bug" value="https://bugreport.java.com/bugreport/"/>
    <property name="java.io.tmpdir" value="C:\Users\RCORDE~1\AppData\Local\Temp\"/>
    <property name="idea.version" value="2025.1.2"/>
    <property name="java.version" value="21.0.4"/>
    <property name="user.dir" value="C:\Users\rcordeiro\Documents\Github\Rodolfo\Drogaria"/>
    <property name="os.arch" value="amd64"/>
    <property name="java.vm.specification.name" value="Java Virtual Machine Specification"/>
    <property name="sun.os.patch.level" value=""/>
    <property name="jboss.i18n.generate-proxies" value="true"/>
    <property name="native.encoding" value="Cp1252"/>
    <property name="java.library.path" value="C:\Program Files\Java\jdk-21\bin;C:\WINDOWS\Sun\Java\bin;C:\WINDOWS\system32;C:\WINDOWS;C:\Program Files\Common Files\Oracle\Java\javapath;C:\Program Files (x86)\Common Files\Oracle\Java\java8path;C:\Program Files (x86)\Common Files\Oracle\Java\javapath;C:\WINDOWS\system32;C:\WINDOWS;C:\WINDOWS\System32\Wbem;C:\WINDOWS\System32\WindowsPowerShell\v1.0\;C:\WINDOWS\System32\OpenSSH\;C:\Program Files\Git\cmd;C:\ProgramData\chocolatey\bin;C:\Program Files\Docker\Docker\resources\bin;C:\Program Files\nodejs\;C:\Program Files\Apache\Maven\bin;C:\Users\rcordeiro\AppData\Local\Microsoft\WindowsApps;C:\Users\rcordeiro\AppData\Local\GitHubDesktop\bin;C:\Users\rcordeiro\AppData\Local\Programs\Microsoft VS Code\bin;."/>
    <property name="java.vm.info" value="mixed mode, sharing"/>
    <property name="stderr.encoding" value="Cp1252"/>
    <property name="java.vendor" value="Oracle Corporation"/>
    <property name="java.vm.version" value="21.0.4+8-LTS-274"/>
    <property name="sun.io.unicode.encoding" value="UnicodeLittle"/>
    <property name="java.class.version" value="65.0"/>
  </properties>
  <testcase name="salvar" classname="br.com.rodolfo.drogaria.dao.ClienteDaoTest" time="0.022">
    <system-out><![CDATA[Hibernate: select this_.codigo as codigo1_6_2_, this_.bairro as bairro2_6_2_, this_.celular as celular3_6_2_, this_.cep as cep4_6_2_, this_.cidade_codigo as cidade_13_6_2_, this_.complemento as compleme5_6_2_, this_.cpf as cpf6_6_2_, this_.email as email7_6_2_, this_.endereco as endereco8_6_2_, this_.nome as nome9_6_2_, this_.numero as numero10_6_2_, this_.rg as rg11_6_2_, this_.telefone as telefon12_6_2_, cidade2_.codigo as codigo1_0_0_, cidade2_.estado_codigo as estado_c3_0_0_, cidade2_.nome as nome2_0_0_, estado3_.codigo as codigo1_2_1_, estado3_.nome as nome2_2_1_, estado3_.sigla as sigla3_2_1_ from Pessoa this_ inner join Cidade cidade2_ on this_.cidade_codigo=cidade2_.codigo left outer join Estado estado3_ on cidade2_.estado_codigo=estado3_.codigo where this_.codigo = ?
Hibernate: insert into Cliente (dataCadastro, liberado, pessoa_codigo) values (?, ?, ?)
Cliente salvo com sucesso!
]]></system-out>
  </testcase>
</testsuite>