<?xml version="1.0" encoding="UTF-8"?>
<testsuite xmlns:xsi="http://www.w3.org/2001/XMLSchema-instance" xsi:noNamespaceSchemaLocation="https://maven.apache.org/surefire/maven-surefire-plugin/xsd/surefire-test-report-3.0.xsd" version="3.0" name="br.com.rodolfo.drogaria.dao.ItemVendaDaoTest" time="0.058" tests="1" errors="1" skipped="0" failures="0">
  <properties>
    <property name="java.specification.version" value="21"/>
    <property name="sun.cpu.isalist" value="amd64"/>
    <property name="sun.jnu.encoding" value="Cp1252"/>
    <property name="java.class.path" value="C:\Users\rcordeiro\Documents\Github\Rodolfo\Drogaria\target\test-classes;C:\Users\rcordeiro\Documents\Github\Rodolfo\Drogaria\target\classes;C:\Users\rcordeiro\.m2\repository\org\hibernate\hibernate-core\4.3.11.Final\hibernate-core-4.3.11.Final.jar;C:\Users\rcordeiro\.m2\repository\org\jboss\logging\jboss-logging\3.1.3.GA\jboss-logging-3.1.3.GA.jar;C:\Users\rcordeiro\.m2\repository\org\jboss\logging\jboss-logging-annotations\1.2.0.Beta1\jboss-logging-annotations-1.2.0.Beta1.jar;C:\Users\rcordeiro\.m2\repository\org\jboss\spec\javax\transaction\jboss-transaction-api_1.2_spec\1.0.0.Final\jboss-transaction-api_1.2_spec-1.0.0.Final.jar;C:\Users\rcordeiro\.m2\repository\dom4j\dom4j\1.6.1\dom4j-1.6.1.jar;C:\Users\rcordeiro\.m2\repository\xml-apis\xml-apis\1.0.b2\xml-apis-1.0.b2.jar;C:\Users\rcordeiro\.m2\repository\org\hibernate\common\hibernate-commons-annotations\4.0.5.Final\hibernate-commons-annotations-4.0.5.Final.jar;C:\Users\rcordeiro\.m2\repository\org\hibernate\javax\persistence\hibernate-jpa-2.1-api\1.0.0.Final\hibernate-jpa-2.1-api-1.0.0.Final.jar;C:\Users\rcordeiro\.m2\repository\org\javassist\javassist\3.18.1-GA\javassist-3.18.1-GA.jar;C:\Users\rcordeiro\.m2\repository\antlr\antlr\2.7.7\antlr-2.7.7.jar;C:\Users\rcordeiro\.m2\repository\org\jboss\jandex\1.1.0.Final\jandex-1.1.0.Final.jar;C:\Users\rcordeiro\.m2\repository\mysql\mysql-connector-java\8.0.30\mysql-connector-java-8.0.30.jar;C:\Users\rcordeiro\.m2\repository\com\google\protobuf\protobuf-java\3.19.4\protobuf-java-3.19.4.jar;C:\Users\rcordeiro\.m2\repository\junit\junit\4.12\junit-4.12.jar;C:\Users\rcordeiro\.m2\repository\org\hamcrest\hamcrest-core\1.3\hamcrest-core-1.3.jar;C:\Users\rcordeiro\.m2\repository\org\glassfish\javax.faces\2.2.12\javax.faces-2.2.12.jar;C:\Users\rcordeiro\.m2\repository\org\primefaces\primefaces\6.2\primefaces-6.2.jar;C:\Users\rcordeiro\.m2\repository\org\omnifaces\omnifaces\1.11\omnifaces-1.11.jar;C:\Users\rcordeiro\.m2\repository\javax\annotation\javax.annotation-api\1.3.2\javax.annotation-api-1.3.2.jar;C:\Users\rcordeiro\.m2\repository\javax\servlet\javax.servlet-api\3.1.0\javax.servlet-api-3.1.0.jar;"/>
    <property name="java.vm.vendor" value="Oracle Corporation"/>
    <property name="sun.arch.data.model" value="64"/>
    <property name="user.variant" value=""/>
    <property name="java.vendor.url" value="https://java.oracle.com/"/>
    <property name="user.timezone" value="America/Sao_Paulo"/>
    <property name="os.name" value="Windows 11"/>
    <property name="java.vm.specification.version" value="21"/>
    <property name="sun.java.launcher" value="SUN_STANDARD"/>
    <property name="user.country" value="BR"/>
    <property name="sun.boot.library.path" value="C:\Program Files\Java\jdk-21\bin"/>
    <property name="sun.java.command" value="C:\Users\rcordeiro\AppData\Local\Temp\surefire7712778060009231574\surefirebooter-20250702092756831_3.jar C:\Users\rcordeiro\AppData\Local\Temp\surefire7712778060009231574 2025-07-02T09-27-55_998-jvmRun1 surefire-20250702092756831_1tmp surefire_0-20250702092756831_2tmp"/>
    <property name="jdk.debug" value="release"/>
    <property name="surefire.test.class.path" value="C:\Users\rcordeiro\Documents\Github\Rodolfo\Drogaria\target\test-classes;C:\Users\rcordeiro\Documents\Github\Rodolfo\Drogaria\target\classes;C:\Users\rcordeiro\.m2\repository\org\hibernate\hibernate-core\4.3.11.Final\hibernate-core-4.3.11.Final.jar;C:\Users\rcordeiro\.m2\repository\org\jboss\logging\jboss-logging\3.1.3.GA\jboss-logging-3.1.3.GA.jar;C:\Users\rcordeiro\.m2\repository\org\jboss\logging\jboss-logging-annotations\1.2.0.Beta1\jboss-logging-annotations-1.2.0.Beta1.jar;C:\Users\rcordeiro\.m2\repository\org\jboss\spec\javax\transaction\jboss-transaction-api_1.2_spec\1.0.0.Final\jboss-transaction-api_1.2_spec-1.0.0.Final.jar;C:\Users\rcordeiro\.m2\repository\dom4j\dom4j\1.6.1\dom4j-1.6.1.jar;C:\Users\rcordeiro\.m2\repository\xml-apis\xml-apis\1.0.b2\xml-apis-1.0.b2.jar;C:\Users\rcordeiro\.m2\repository\org\hibernate\common\hibernate-commons-annotations\4.0.5.Final\hibernate-commons-annotations-4.0.5.Final.jar;C:\Users\rcordeiro\.m2\repository\org\hibernate\javax\persistence\hibernate-jpa-2.1-api\1.0.0.Final\hibernate-jpa-2.1-api-1.0.0.Final.jar;C:\Users\rcordeiro\.m2\repository\org\javassist\javassist\3.18.1-GA\javassist-3.18.1-GA.jar;C:\Users\rcordeiro\.m2\repository\antlr\antlr\2.7.7\antlr-2.7.7.jar;C:\Users\rcordeiro\.m2\repository\org\jboss\jandex\1.1.0.Final\jandex-1.1.0.Final.jar;C:\Users\rcordeiro\.m2\repository\mysql\mysql-connector-java\8.0.30\mysql-connector-java-8.0.30.jar;C:\Users\rcordeiro\.m2\repository\com\google\protobuf\protobuf-java\3.19.4\protobuf-java-3.19.4.jar;C:\Users\rcordeiro\.m2\repository\junit\junit\4.12\junit-4.12.jar;C:\Users\rcordeiro\.m2\repository\org\hamcrest\hamcrest-core\1.3\hamcrest-core-1.3.jar;C:\Users\rcordeiro\.m2\repository\org\glassfish\javax.faces\2.2.12\javax.faces-2.2.12.jar;C:\Users\rcordeiro\.m2\repository\org\primefaces\primefaces\6.2\primefaces-6.2.jar;C:\Users\rcordeiro\.m2\repository\org\omnifaces\omnifaces\1.11\omnifaces-1.11.jar;C:\Users\rcordeiro\.m2\repository\javax\annotation\javax.annotation-api\1.3.2\javax.annotation-api-1.3.2.jar;C:\Users\rcordeiro\.m2\repository\javax\servlet\javax.servlet-api\3.1.0\javax.servlet-api-3.1.0.jar;"/>
    <property name="sun.cpu.endian" value="little"/>
    <property name="user.home" value="C:\Users\rcordeiro"/>
    <property name="user.language" value="pt"/>
    <property name="java.specification.vendor" value="Oracle Corporation"/>
    <property name="java.version.date" value="2024-07-16"/>
    <property name="java.home" value="C:\Program Files\Java\jdk-21"/>
    <property name="file.separator" value="\"/>
    <property name="basedir" value="C:\Users\rcordeiro\Documents\Github\Rodolfo\Drogaria"/>
    <property name="java.vm.compressedOopsMode" value="Zero based"/>
    <property name="line.separator" value="&#10;"/>
    <property name="java.vm.specification.vendor" value="Oracle Corporation"/>
    <property name="java.specification.name" value="Java Platform API Specification"/>
    <property name="surefire.real.class.path" value="C:\Users\rcordeiro\AppData\Local\Temp\surefire7712778060009231574\surefirebooter-20250702092756831_3.jar"/>
    <property name="user.script" value=""/>
    <property name="sun.management.compiler" value="HotSpot 64-Bit Tiered Compilers"/>
    <property name="java.runtime.version" value="21.0.4+8-LTS-274"/>
    <property name="user.name" value="rcordeiro"/>
    <property name="stdout.encoding" value="Cp1252"/>
    <property name="path.separator" value=";"/>
    <property name="os.version" value="10.0"/>
    <property name="java.runtime.name" value="Java(TM) SE Runtime Environment"/>
    <property name="file.encoding" value="UTF-8"/>
    <property name="java.vm.name" value="Java HotSpot(TM) 64-Bit Server VM"/>
    <property name="localRepository" value="C:\Users\rcordeiro\.m2\repository"/>
    <property name="java.vendor.url.bug" value="https://bugreport.java.com/bugreport/"/>
    <property name="java.io.tmpdir" value="C:\Users\RCORDE~1\AppData\Local\Temp\"/>
    <property name="idea.version" value="2025.1.2"/>
    <property name="java.version" value="21.0.4"/>
    <property name="user.dir" value="C:\Users\rcordeiro\Documents\Github\Rodolfo\Drogaria"/>
    <property name="os.arch" value="amd64"/>
    <property name="java.vm.specification.name" value="Java Virtual Machine Specification"/>
    <property name="sun.os.patch.level" value=""/>
    <property name="jboss.i18n.generate-proxies" value="true"/>
    <property name="native.encoding" value="Cp1252"/>
    <property name="java.library.path" value="C:\Program Files\Java\jdk-21\bin;C:\WINDOWS\Sun\Java\bin;C:\WINDOWS\system32;C:\WINDOWS;C:\Program Files\Common Files\Oracle\Java\javapath;C:\Program Files (x86)\Common Files\Oracle\Java\java8path;C:\Program Files (x86)\Common Files\Oracle\Java\javapath;C:\WINDOWS\system32;C:\WINDOWS;C:\WINDOWS\System32\Wbem;C:\WINDOWS\System32\WindowsPowerShell\v1.0\;C:\WINDOWS\System32\OpenSSH\;C:\Program Files\Git\cmd;C:\ProgramData\chocolatey\bin;C:\Program Files\Docker\Docker\resources\bin;C:\Program Files\nodejs\;C:\Program Files\Apache\Maven\bin;C:\Users\rcordeiro\AppData\Local\Microsoft\WindowsApps;C:\Users\rcordeiro\AppData\Local\GitHubDesktop\bin;C:\Users\rcordeiro\AppData\Local\Programs\Microsoft VS Code\bin;."/>
    <property name="java.vm.info" value="mixed mode, sharing"/>
    <property name="stderr.encoding" value="Cp1252"/>
    <property name="java.vendor" value="Oracle Corporation"/>
    <property name="java.vm.version" value="21.0.4+8-LTS-274"/>
    <property name="sun.io.unicode.encoding" value="UnicodeLittle"/>
    <property name="java.class.version" value="65.0"/>
  </properties>
  <testcase name="salvar" classname="br.com.rodolfo.drogaria.dao.ItemVendaDaoTest" time="0.057">
    <error message="not-null property references a null or transient value : br.com.rodolfo.drogaria.domain.ItemVenda.produto" type="org.hibernate.PropertyValueException"><![CDATA[org.hibernate.PropertyValueException: not-null property references a null or transient value : br.com.rodolfo.drogaria.domain.ItemVenda.produto
	at org.hibernate.engine.internal.Nullability.checkNullability(Nullability.java:106)
	at org.hibernate.action.internal.AbstractEntityInsertAction.nullifyTransientReferencesIfNotAlready(AbstractEntityInsertAction.java:132)
	at org.hibernate.action.internal.EntityIdentityInsertAction.execute(EntityIdentityInsertAction.java:86)
	at org.hibernate.engine.spi.ActionQueue.execute(ActionQueue.java:492)
	at org.hibernate.engine.spi.ActionQueue.addResolvedEntityInsertAction(ActionQueue.java:197)
	at org.hibernate.engine.spi.ActionQueue.addInsertAction(ActionQueue.java:181)
	at org.hibernate.engine.spi.ActionQueue.addAction(ActionQueue.java:216)
	at org.hibernate.event.internal.AbstractSaveEventListener.addInsertAction(AbstractSaveEventListener.java:334)
	at org.hibernate.event.internal.AbstractSaveEventListener.performSaveOrReplicate(AbstractSaveEventListener.java:289)
	at org.hibernate.event.internal.AbstractSaveEventListener.performSave(AbstractSaveEventListener.java:195)
	at org.hibernate.event.internal.AbstractSaveEventListener.saveWithGeneratedId(AbstractSaveEventListener.java:126)
	at org.hibernate.event.internal.DefaultSaveOrUpdateEventListener.saveWithGeneratedOrRequestedId(DefaultSaveOrUpdateEventListener.java:209)
	at org.hibernate.event.internal.DefaultSaveEventListener.saveWithGeneratedOrRequestedId(DefaultSaveEventListener.java:55)
	at org.hibernate.event.internal.DefaultSaveOrUpdateEventListener.entityIsTransient(DefaultSaveOrUpdateEventListener.java:194)
	at org.hibernate.event.internal.DefaultSaveEventListener.performSaveOrUpdate(DefaultSaveEventListener.java:49)
	at org.hibernate.event.internal.DefaultSaveOrUpdateEventListener.onSaveOrUpdate(DefaultSaveOrUpdateEventListener.java:90)
	at org.hibernate.internal.SessionImpl.fireSave(SessionImpl.java:715)
	at org.hibernate.internal.SessionImpl.save(SessionImpl.java:707)
	at org.hibernate.internal.SessionImpl.save(SessionImpl.java:702)
	at br.com.rodolfo.drogaria.dao.GenericDao.salvar(GenericDao.java:30)
	at br.com.rodolfo.drogaria.dao.ItemVendaDaoTest.salvar(ItemVendaDaoTest.java:27)
	at java.base/jdk.internal.reflect.DirectMethodHandleAccessor.invoke(DirectMethodHandleAccessor.java:103)
	at java.base/java.lang.reflect.Method.invoke(Method.java:580)
	at org.junit.runners.model.FrameworkMethod$1.runReflectiveCall(FrameworkMethod.java:50)
	at org.junit.internal.runners.model.ReflectiveCallable.run(ReflectiveCallable.java:12)
	at org.junit.runners.model.FrameworkMethod.invokeExplosively(FrameworkMethod.java:47)
	at org.junit.internal.runners.statements.InvokeMethod.evaluate(InvokeMethod.java:17)
	at org.junit.runners.ParentRunner.runLeaf(ParentRunner.java:325)
	at org.junit.runners.BlockJUnit4ClassRunner.runChild(BlockJUnit4ClassRunner.java:78)
	at org.junit.runners.BlockJUnit4ClassRunner.runChild(BlockJUnit4ClassRunner.java:57)
	at org.junit.runners.ParentRunner$3.run(ParentRunner.java:290)
	at org.junit.runners.ParentRunner$1.schedule(ParentRunner.java:71)
	at org.junit.runners.ParentRunner.runChildren(ParentRunner.java:288)
	at org.junit.runners.ParentRunner.access$000(ParentRunner.java:58)
	at org.junit.runners.ParentRunner$2.evaluate(ParentRunner.java:268)
	at org.junit.runners.ParentRunner.run(ParentRunner.java:363)
	at org.apache.maven.surefire.junit4.JUnit4Provider.execute(JUnit4Provider.java:316)
	at org.apache.maven.surefire.junit4.JUnit4Provider.executeWithRerun(JUnit4Provider.java:240)
	at org.apache.maven.surefire.junit4.JUnit4Provider.executeTestSet(JUnit4Provider.java:214)
	at org.apache.maven.surefire.junit4.JUnit4Provider.invoke(JUnit4Provider.java:155)
	at org.apache.maven.surefire.booter.ForkedBooter.runSuitesInProcess(ForkedBooter.java:385)
	at org.apache.maven.surefire.booter.ForkedBooter.execute(ForkedBooter.java:162)
	at org.apache.maven.surefire.booter.ForkedBooter.run(ForkedBooter.java:507)
	at org.apache.maven.surefire.booter.ForkedBooter.main(ForkedBooter.java:495)
]]></error>
    <system-out><![CDATA[Hibernate: select this_.codigo as codigo1_7_1_, this_.descricao as descrica2_7_1_, this_.fabricante_codigo as fabrican5_7_1_, this_.preco as preco3_7_1_, this_.quantidade as quantida4_7_1_, fabricante2_.codigo as codigo1_3_0_, fabricante2_.descricao as descrica2_3_0_ from Produto this_ inner join Fabricante fabricante2_ on this_.fabricante_codigo=fabricante2_.codigo where this_.codigo = ?
Hibernate: select this_.codigo as codigo1_9_4_, this_.cliente_codigo as cliente_4_9_4_, this_.horario as horario2_9_4_, this_.usuario_codigo as usuario_5_9_4_, this_.valorTotal as valorTot3_9_4_, cliente2_.codigo as codigo1_1_0_, cliente2_.dataCadastro as dataCada2_1_0_, cliente2_.liberado as liberado3_1_0_, cliente2_.pessoa_codigo as pessoa_c4_1_0_, pessoa3_.codigo as codigo1_6_1_, pessoa3_.bairro as bairro2_6_1_, pessoa3_.celular as celular3_6_1_, pessoa3_.cep as cep4_6_1_, pessoa3_.cidade_codigo as cidade_13_6_1_, pessoa3_.complemento as compleme5_6_1_, pessoa3_.cpf as cpf6_6_1_, pessoa3_.email as email7_6_1_, pessoa3_.endereco as endereco8_6_1_, pessoa3_.nome as nome9_6_1_, pessoa3_.numero as numero10_6_1_, pessoa3_.rg as rg11_6_1_, pessoa3_.telefone as telefon12_6_1_, usuario4_.codigo as codigo1_8_2_, usuario4_.ativo as ativo2_8_2_, usuario4_.pessoa_codigo as pessoa_c5_8_2_, usuario4_.senha as senha3_8_2_, usuario4_.tipo as tipo4_8_2_, pessoa5_.codigo as codigo1_6_3_, pessoa5_.bairro as bairro2_6_3_, pessoa5_.celular as celular3_6_3_, pessoa5_.cep as cep4_6_3_, pessoa5_.cidade_codigo as cidade_13_6_3_, pessoa5_.complemento as compleme5_6_3_, pessoa5_.cpf as cpf6_6_3_, pessoa5_.email as email7_6_3_, pessoa5_.endereco as endereco8_6_3_, pessoa5_.nome as nome9_6_3_, pessoa5_.numero as numero10_6_3_, pessoa5_.rg as rg11_6_3_, pessoa5_.telefone as telefon12_6_3_ from Venda this_ left outer join Cliente cliente2_ on this_.cliente_codigo=cliente2_.codigo left outer join Pessoa pessoa3_ on cliente2_.pessoa_codigo=pessoa3_.codigo inner join Usuario usuario4_ on this_.usuario_codigo=usuario4_.codigo left outer join Pessoa pessoa5_ on usuario4_.pessoa_codigo=pessoa5_.codigo where this_.codigo = ?
Hibernate: select cidade0_.codigo as codigo1_0_0_, cidade0_.estado_codigo as estado_c3_0_0_, cidade0_.nome as nome2_0_0_, estado1_.codigo as codigo1_2_1_, estado1_.nome as nome2_2_1_, estado1_.sigla as sigla3_2_1_ from Cidade cidade0_ left outer join Estado estado1_ on cidade0_.estado_codigo=estado1_.codigo where cidade0_.codigo=?
]]></system-out>
  </testcase>
</testsuite>